This is pdfeTeXk, Version 3.141592-1.20a-2.2 (Web2c 7.5.3) (format=latex 2018.4.23)  2 APR 2020 23:08
 Source specials enabled.
 %&-line parsing enabled.
**&latex Cal_I_EXAM_II_Fall_2017.tex
(./Cal_I_EXAM_II_Fall_2017.tex
LaTeX2e <2005/12/01>
(c:/Program Files (x86)/PCTeX/PCTeXv6/texmf-dist/tex/latex/exam/exam.cls
Document Class: exam 2004/08/14 Version 2.2 by Philip Hirschhorn
(c:/Program Files (x86)/PCTeX/PCTeXv6/texmf-dist/tex/latex/base/ifthen.sty
Package: ifthen 2001/05/26 v1.1c Standard LaTeX ifthen package (DPC)
)
(c:/Program Files (x86)/PCTeX/PCTeXv6/texmf-dist/tex/latex/base/article.cls
Document Class: article 2005/09/16 v1.4f Standard LaTeX document class
(c:/Program Files (x86)/PCTeX/PCTeXv6/texmf-dist/tex/latex/base/size11.clo
File: size11.clo 2005/09/16 v1.4f Standard LaTeX file (size option)
)
\c@part=\count79
\c@section=\count80
\c@subsection=\count81
\c@subsubsection=\count82
\c@paragraph=\count83
\c@subparagraph=\count84
\c@figure=\count85
\c@table=\count86
\abovecaptionskip=\skip41
\belowcaptionskip=\skip42
\bibindent=\dimen102
)
\@extrawidth=\skip43
\@rightmargin=\skip44
\@extrahead=\skip45
\@extrafoot=\skip46
\run@exhd=\skip47
\fp@exhd=\skip48
\run@exft=\skip49
\fp@exft=\skip50
\covrun@exhd=\skip51
\covfp@exhd=\skip52
\covrun@exft=\skip53
\covfp@exft=\skip54
\c@latest@ques=\count87
\c@ques@end=\count88
\c@last@part=\count89
\c@last@subpart=\count90
\c@last@subsubpart=\count91
\c@incmp@ques=\count92
\c@next@ques=\count93
\c@nextq@page=\count94
\c@tmp@hlfcntr=\count95
\c@ifpos@cntr=\count96
\c@question=\count97
\c@partno=\count98
\c@subpart=\count99
\c@subsubpart=\count100
\c@choice=\count101
\c@numpoints=\count102
\c@pointsof@thisquestion=\count103
\c@numquestions=\count104
\c@numparts=\count105
\c@numsubparts=\count106
\c@numsubsubparts=\count107
\c@Curr@Page=\count108
\c@@pagepoints=\count109
\c@pageof@pagepoints=\count110
\c@latest@points=\count111
\pageinfo@commands=\toks14
\temp@toks=\toks15
\pagepoint@commands=\toks16
\point@toks=\toks17
\c@lbl@cntr=\count112
\marginpointssep=\skip55
\rightpointsmargin=\skip56
\answerlinelength=\skip57
\answerskip=\skip58
\linefillheight=\skip59
\linefillthickness=\skip60
\c@@iterator=\count113
\@cellwidth=\skip61
\c@numpgs@withpts=\count114
\saved@totalleftmargin=\dimen103
\@sollistdepth=\count115
\FrameRule=\dimen104
\FrameSep=\dimen105
)
(c:/Program Files (x86)/PCTeX/PCTeXv6/texmf-dist/tex/latex/amsfonts/amssymb.sty
Package: amssymb 2002/01/22 v2.2d

(c:/Program Files (x86)/PCTeX/PCTeXv6/texmf-dist/tex/latex/amsfonts/amsfonts.st
y
Package: amsfonts 2001/10/25 v2.2f
\@emptytoks=\toks18
\symAMSa=\mathgroup4
\symAMSb=\mathgroup5
LaTeX Font Info:    Overwriting math alphabet `\mathfrak' in version `bold'
(Font)                  U/euf/m/n --> U/euf/b/n on input line 132.
))
(c:/Program Files (x86)/PCTeX/PCTeXv6/texmf-dist/tex/latex/amsmath/amsmath.sty
Package: amsmath 2000/07/18 v2.13 AMS math features
\@mathmargin=\skip62

For additional information on amsmath, use the `?' option.
(c:/Program Files (x86)/PCTeX/PCTeXv6/texmf-dist/tex/latex/amsmath/amstext.sty
Package: amstext 2000/06/29 v2.01

(c:/Program Files (x86)/PCTeX/PCTeXv6/texmf-dist/tex/latex/amsmath/amsgen.sty
File: amsgen.sty 1999/11/30 v2.0
\@emptytoks=\toks19
\ex@=\dimen106
)) (c:/Program Files (x86)/PCTeX/PCTeXv6/texmf-dist/tex/latex/amsmath/amsbsy.st
y
Package: amsbsy 1999/11/29 v1.2d
\pmbraise@=\dimen107
) (c:/Program Files (x86)/PCTeX/PCTeXv6/texmf-dist/tex/latex/amsmath/amsopn.sty
Package: amsopn 1999/12/14 v2.01 operator names
)
\inf@bad=\count116
LaTeX Info: Redefining \frac on input line 211.
\uproot@=\count117
\leftroot@=\count118
LaTeX Info: Redefining \overline on input line 307.
\classnum@=\count119
\DOTSCASE@=\count120
LaTeX Info: Redefining \ldots on input line 379.
LaTeX Info: Redefining \dots on input line 382.
LaTeX Info: Redefining \cdots on input line 467.
\Mathstrutbox@=\box26
\strutbox@=\box27
\big@size=\dimen108
LaTeX Font Info:    Redeclaring font encoding OML on input line 567.
LaTeX Font Info:    Redeclaring font encoding OMS on input line 568.
\macc@depth=\count121
\c@MaxMatrixCols=\count122
\dotsspace@=\muskip10
\c@parentequation=\count123
\dspbrk@lvl=\count124
\tag@help=\toks20
\row@=\count125
\column@=\count126
\maxfields@=\count127
\andhelp@=\toks21
\eqnshift@=\dimen109
\alignsep@=\dimen110
\tagshift@=\dimen111
\tagwidth@=\dimen112
\totwidth@=\dimen113
\lineht@=\dimen114
\@envbody=\toks22
\multlinegap=\skip63
\multlinetaggap=\skip64
\mathdisplay@stack=\toks23
LaTeX Info: Redefining \[ on input line 2666.
LaTeX Info: Redefining \] on input line 2667.
) (c:/Program Files (x86)/PCTeX/PCTeXv6/texmf-dist/tex/latex/base/latexsym.sty
Package: latexsym 1998/08/17 v2.2e Standard LaTeX package (lasy symbols)
\symlasy=\mathgroup6
LaTeX Font Info:    Overwriting symbol font `lasy' in version `bold'
(Font)                  U/lasy/m/n --> U/lasy/b/n on input line 47.
) (c:/Program Files (x86)/PCTeX/PCTeXv6/texmf-dist/tex/latex/tools/verbatim.sty
Package: verbatim 2003/08/22 v1.5q LaTeX2e package for verbatim enhancements
\every@verbatim=\toks24
\verbatim@line=\toks25
\verbatim@in@stream=\read1
) (c:/Program Files (x86)/PCTeX/PCTeXv6/texmf-dist/tex/latex/tools/xspace.sty
Package: xspace 2006/05/08 v1.12 Space after command names (DPC,MH)
)
(c:/Program Files (x86)/PCTeX/PCTeXv6/texmf-dist/tex/latex/setspace/setspace.st
y
Package: setspace 2000/12/01 6.7 Contributed and Supported LaTeX2e package

Package: `setspace' 6.7 <2000/12/01>
)
(c:/Program Files (x86)/PCTeX/PCTeXv6/texmf-dist/tex/latex/pgf/frontendlayer/ti
kz.sty
(c:/Program Files (x86)/PCTeX/PCTeXv6/texmf-dist/tex/latex/pgf/basiclayer/pgf.s
ty
(c:/Program Files (x86)/PCTeX/PCTeXv6/texmf-dist/tex/latex/pgf/utilities/pgfrcs
.sty
(c:/Program Files (x86)/PCTeX/PCTeXv6/texmf-dist/tex/generic/pgf/utilities/pgfu
til-common.tex)
(c:/Program Files (x86)/PCTeX/PCTeXv6/texmf-dist/tex/generic/pgf/utilities/pgfu
til-latex.def)
(c:/Program Files (x86)/PCTeX/PCTeXv6/texmf-dist/tex/generic/pgf/utilities/pgfr
cs.code.tex
Package: pgfrcs 2006/10/26 v1.10 (rcs-revision 1.14)
))
Package: pgf 2006/10/11 v1.10 (rcs-revision 1.7)

(c:/Program Files (x86)/PCTeX/PCTeXv6/texmf-dist/tex/latex/pgf/basiclayer/pgfco
re.sty
(c:/Program Files (x86)/PCTeX/PCTeXv6/texmf-dist/tex/latex/graphics/graphicx.st
y
Package: graphicx 1999/02/16 v1.0f Enhanced LaTeX Graphics (DPC,SPQR)

(c:/Program Files (x86)/PCTeX/PCTeXv6/texmf-dist/tex/latex/graphics/keyval.sty
Package: keyval 1999/03/16 v1.13 key=value parser (DPC)
\KV@toks@=\toks26
)
(c:/Program Files (x86)/PCTeX/PCTeXv6/texmf-dist/tex/latex/graphics/graphics.st
y
Package: graphics 2006/02/20 v1.0o Standard LaTeX Graphics (DPC,SPQR)
 (c:/Program Files (x86)/PCTeX/PCTeXv6/texmf-dist/tex/latex/graphics/trig.sty
Package: trig 1999/03/16 v1.09 sin cos tan (DPC)
) (c:/Program Files (x86)/PCTeX/PCTeXv6/texmf-pti/tex/latex/graphics.cfg)
Package graphics Info: Driver file: dvips.def on input line 90.

(c:/Program Files (x86)/PCTeX/PCTeXv6/texmf-pti/tex/latex/graphics/dvips.def
File: dvips.def 1999/02/16 v3.0i Driver-dependant file (DPC,SPQR)
))
\Gin@req@height=\dimen115
\Gin@req@width=\dimen116
)
(c:/Program Files (x86)/PCTeX/PCTeXv6/texmf-dist/tex/latex/pgf/systemlayer/pgfs
ys.sty
(c:/Program Files (x86)/PCTeX/PCTeXv6/texmf-dist/tex/generic/pgf/systemlayer/pg
fsys.code.tex
Package: pgfsys 2006/10/16 v1.10 (rcs-revision 1.19)
\pgf@x=\dimen117
\pgf@y=\dimen118
\pgf@xa=\dimen119
\pgf@ya=\dimen120
\pgf@xb=\dimen121
\pgf@yb=\dimen122
\pgf@xc=\dimen123
\pgf@yc=\dimen124

(c:/Program Files (x86)/PCTeX/PCTeXv6/texmf-dist/tex/generic/pgf/systemlayer/pg
f.cfg
File: pgf.cfg 2006/10/11  (rcs-revision 1.2)
)
Package pgfsys Info: Driver file for pgf: pgfsys-dvips.def on input line 845.

(c:/Program Files (x86)/PCTeX/PCTeXv6/texmf-dist/tex/generic/pgf/systemlayer/pg
fsys-dvips.def
File: pgfsys-dvips.def 2006/10/26  (rcs-revision 1.15)

(c:/Program Files (x86)/PCTeX/PCTeXv6/texmf-dist/tex/generic/pgf/systemlayer/pg
fsys-common-postscript.def
File: pgfsys-common-postscript.def 2006/10/16  (rcs-revision 1.15)
\pgf@objectcount=\count128
)))
(c:/Program Files (x86)/PCTeX/PCTeXv6/texmf-dist/tex/generic/pgf/systemlayer/pg
fsyssoftpath.code.tex
File: pgfsyssoftpath.code.tex 2006/10/16  (rcs-revision 1.4)
)
(c:/Program Files (x86)/PCTeX/PCTeXv6/texmf-dist/tex/generic/pgf/systemlayer/pg
fsysprotocol.code.tex
File: pgfsysprotocol.code.tex 2006/10/16  (rcs-revision 1.4)
))
(c:/Program Files (x86)/PCTeX/PCTeXv6/texmf-dist/tex/latex/xcolor/xcolor.sty
Package: xcolor 2007/01/21 v2.11 LaTeX color extensions (UK)

(c:/Program Files (x86)/PCTeX/PCTeXv6/texmf-pti/tex/latex/color.cfg)
Package xcolor Info: Driver file: dvips.def on input line 225.
Package xcolor Info: Model `cmy' substituted by `cmy0' on input line 1337.
Package xcolor Info: Model `RGB' extended on input line 1353.
Package xcolor Info: Model `HTML' substituted by `rgb' on input line 1355.
Package xcolor Info: Model `Hsb' substituted by `hsb' on input line 1356.
Package xcolor Info: Model `tHsb' substituted by `hsb' on input line 1357.
Package xcolor Info: Model `HSB' substituted by `hsb' on input line 1358.
Package xcolor Info: Model `Gray' substituted by `gray' on input line 1359.
Package xcolor Info: Model `wave' substituted by `hsb' on input line 1360.
)
(c:/Program Files (x86)/PCTeX/PCTeXv6/texmf-dist/tex/generic/pgf/basiclayer/pgf
core.code.tex
Package: pgfcore 2006/10/11 v1.10 (rcs-revision 1.4)

(c:/Program Files (x86)/PCTeX/PCTeXv6/texmf-dist/tex/generic/pgf/basiclayer/pgf
coremath.code.tex
File: pgfcoremath.code.tex 2006/10/15  (rcs-revision 1.3)
\c@pgf@counta=\count129
\c@pgf@countb=\count130
\c@pgf@countc=\count131
\c@pgf@countd=\count132
)
(c:/Program Files (x86)/PCTeX/PCTeXv6/texmf-dist/tex/generic/pgf/basiclayer/pgf
corepoints.code.tex
File: pgfcorepoints.code.tex 2006/10/16  (rcs-revision 1.7)
\pgf@picminx=\dimen125
\pgf@picmaxx=\dimen126
\pgf@picminy=\dimen127
\pgf@picmaxy=\dimen128
\pgf@pathminx=\dimen129
\pgf@pathmaxx=\dimen130
\pgf@pathminy=\dimen131
\pgf@pathmaxy=\dimen132
\pgf@tempdim=\dimen133
\c@pgf@tempcount=\count133
\pgf@xx=\dimen134
\pgf@xy=\dimen135
\pgf@yx=\dimen136
\pgf@yy=\dimen137
\pgf@zx=\dimen138
\pgf@zy=\dimen139
)
(c:/Program Files (x86)/PCTeX/PCTeXv6/texmf-dist/tex/generic/pgf/basiclayer/pgf
corepathconstruct.code.tex
File: pgfcorepathconstruct.code.tex 2006/10/16  (rcs-revision 1.6)
\pgf@path@lastx=\dimen140
\pgf@path@lasty=\dimen141
)
(c:/Program Files (x86)/PCTeX/PCTeXv6/texmf-dist/tex/generic/pgf/basiclayer/pgf
corepathusage.code.tex
File: pgfcorepathusage.code.tex 2006/10/16  (rcs-revision 1.7)
\pgf@shorten@end@additional=\dimen142
\pgf@shorten@start@additional=\dimen143
)
(c:/Program Files (x86)/PCTeX/PCTeXv6/texmf-dist/tex/generic/pgf/basiclayer/pgf
corescopes.code.tex
File: pgfcorescopes.code.tex 2006/10/23  (rcs-revision 1.20)
\pgfpic=\box28
\pgf@hbox=\box29
\pgf@layerbox@main=\box30
\pgf@picture@serial@count=\count134
)
(c:/Program Files (x86)/PCTeX/PCTeXv6/texmf-dist/tex/generic/pgf/basiclayer/pgf
coregraphicstate.code.tex
File: pgfcoregraphicstate.code.tex 2006/10/16  (rcs-revision 1.6)
\pgflinewidth=\dimen144
)
(c:/Program Files (x86)/PCTeX/PCTeXv6/texmf-dist/tex/generic/pgf/basiclayer/pgf
coretransformations.code.tex
File: pgfcoretransformations.code.tex 2006/10/11  (rcs-revision 1.4)
\pgf@pt@x=\dimen145
\pgf@pt@y=\dimen146
\pgf@pt@temp=\dimen147
)
(c:/Program Files (x86)/PCTeX/PCTeXv6/texmf-dist/tex/generic/pgf/basiclayer/pgf
corequick.code.tex
File: pgfcorequick.code.tex 2006/10/11  (rcs-revision 1.2)
)
(c:/Program Files (x86)/PCTeX/PCTeXv6/texmf-dist/tex/generic/pgf/basiclayer/pgf
coreobjects.code.tex
File: pgfcoreobjects.code.tex 2006/10/11  (rcs-revision 1.2)
)
(c:/Program Files (x86)/PCTeX/PCTeXv6/texmf-dist/tex/generic/pgf/basiclayer/pgf
corepathprocessing.code.tex
File: pgfcorepathprocessing.code.tex 2006/10/16  (rcs-revision 1.5)
)
(c:/Program Files (x86)/PCTeX/PCTeXv6/texmf-dist/tex/generic/pgf/basiclayer/pgf
corearrows.code.tex
File: pgfcorearrows.code.tex 2006/10/16  (rcs-revision 1.6)
)
(c:/Program Files (x86)/PCTeX/PCTeXv6/texmf-dist/tex/generic/pgf/basiclayer/pgf
coreshade.code.tex
File: pgfcoreshade.code.tex 2006/10/16  (rcs-revision 1.7)
\pgf@max=\dimen148
\pgf@sys@shading@range@num=\count135
)))
(c:/Program Files (x86)/PCTeX/PCTeXv6/texmf-dist/tex/latex/pgf/basiclayer/pgfba
seshapes.sty
(c:/Program Files (x86)/PCTeX/PCTeXv6/texmf-dist/tex/generic/pgf/basiclayer/pgf
baseshapes.code.tex
Package: pgfbaseshapes 2006/10/16 v1.10 (rcs-revision 1.16)
\pgfnodeparttextbox=\box31
))
(c:/Program Files (x86)/PCTeX/PCTeXv6/texmf-dist/tex/latex/pgf/basiclayer/pgfba
seplot.sty
(c:/Program Files (x86)/PCTeX/PCTeXv6/texmf-dist/tex/generic/pgf/basiclayer/pgf
baseplot.code.tex
Package: pgfbaseplot 2006/10/16 v1.10 (rcs-revision 1.5)
\pgf@plotwrite=\write3
))
(c:/Program Files (x86)/PCTeX/PCTeXv6/texmf-dist/tex/latex/pgf/basiclayer/pgfba
seimage.sty
(c:/Program Files (x86)/PCTeX/PCTeXv6/texmf-dist/tex/generic/pgf/basiclayer/pgf
baseimage.code.tex
Package: pgfbaseimage 2006/10/16 v1.10 (rcs-revision 1.5)
))
(c:/Program Files (x86)/PCTeX/PCTeXv6/texmf-dist/tex/latex/pgf/basiclayer/pgfba
selayers.sty
(c:/Program Files (x86)/PCTeX/PCTeXv6/texmf-dist/tex/generic/pgf/basiclayer/pgf
baselayers.code.tex
Package: pgfbaselayers 2006/10/16 v1.10 (rcs-revision 1.5)
))
(c:/Program Files (x86)/PCTeX/PCTeXv6/texmf-dist/tex/latex/pgf/basiclayer/pgfba
sesnakes.sty
(c:/Program Files (x86)/PCTeX/PCTeXv6/texmf-dist/tex/generic/pgf/basiclayer/pgf
basesnakes.code.tex
Package: pgfbasesnakes 2006/10/16 v1.10 (rcs-revision 1.10)
\pgfsnakeremainingdistance=\dimen149
\pgfsnakecompleteddistance=\dimen150
))
(c:/Program Files (x86)/PCTeX/PCTeXv6/texmf-dist/tex/latex/pgf/basiclayer/pgfba
sepatterns.sty
(c:/Program Files (x86)/PCTeX/PCTeXv6/texmf-dist/tex/generic/pgf/basiclayer/pgf
basepatterns.code.tex
Package: pgfbasepatterns 2006/10/16 v1.10 (rcs-revision 1.9)
))
(c:/Program Files (x86)/PCTeX/PCTeXv6/texmf-dist/tex/latex/pgf/compatibility/pg
fcomp-version-0-65.sty
Package: pgfcomp-version-0-65 2006/10/11 v1.10 (rcs-revision 1.4)
\pgf@nodesepstart=\dimen151
\pgf@nodesepend=\dimen152
))
(c:/Program Files (x86)/PCTeX/PCTeXv6/texmf-dist/tex/latex/tools/calc.sty
Package: calc 2005/08/06 v4.2 Infix arithmetic (KKT,FJ)
\calc@Acount=\count136
\calc@Bcount=\count137
\calc@Adimen=\dimen153
\calc@Bdimen=\dimen154
\calc@Askip=\skip65
\calc@Bskip=\skip66
LaTeX Info: Redefining \setlength on input line 75.
LaTeX Info: Redefining \addtolength on input line 76.
\calc@Ccount=\count138
\calc@Cskip=\skip67
)
(c:/Program Files (x86)/PCTeX/PCTeXv6/texmf-dist/tex/latex/pgf/utilities/pgffor
.sty
(c:/Program Files (x86)/PCTeX/PCTeXv6/texmf-dist/tex/generic/pgf/utilities/pgff
or.code.tex
Package: pgffor 2006/10/16 v1.10 (rcs-revision 1.5)
\pgffor@iter=\dimen155
\pgffor@skip=\dimen156
))
(c:/Program Files (x86)/PCTeX/PCTeXv6/texmf-dist/tex/latex/xkeyval/xkeyval.sty
Package: xkeyval 2006/11/18 v2.5f package option processing (HA)

(c:/Program Files (x86)/PCTeX/PCTeXv6/texmf-dist/tex/latex/xkeyval/xkeyval.tex
\XKV@toks=\toks27
\XKV@depth=\count139
File: xkeyval.tex 2006/11/18 v2.5f key=value parser (HA)
))
(c:/Program Files (x86)/PCTeX/PCTeXv6/texmf-dist/tex/generic/pgf/frontendlayer/
tikz.code.tex
Package: tikz 2006/10/17 v1.10 (rcs-revision 1.68)

(c:/Program Files (x86)/PCTeX/PCTeXv6/texmf-dist/tex/generic/pgf/libraries/pgfl
ibraryplothandlers.code.tex
File: pgflibraryplothandlers.code.tex 2006/10/16 v1.10 (rcs-revision 1.8)
\pgf@plot@mark@count=\count140
\pgfplotmarksize=\dimen157
)
\tikz@lastx=\dimen158
\tikz@lasty=\dimen159
\tikz@lastxsaved=\dimen160
\tikz@lastysaved=\dimen161
\tikzleveldistance=\dimen162
\tikzsiblingdistance=\dimen163
\tikz@figbox=\box32
\tikz@tempbox=\box33
\tikztreelevel=\count141
\tikznumberofchildren=\count142
\tikznumberofcurrentchild=\count143
\tikz@fig@count=\count144
\tikz@expandcount=\count145

(c:/Program Files (x86)/PCTeX/PCTeXv6/texmf-dist/tex/generic/pgf/libraries/pgfl
ibrarytikztopaths.code.tex
File: pgflibrarytikztopaths.code.tex 2006/10/16 v1.10 (rcs-revision 1.5)
)))
(c:/Program Files (x86)/PCTeX/PCTeXv6/texmf-dist/tex/latex/geometry/geometry.st
y
Package: geometry 2002/07/08 v3.2 Page Geometry
\Gm@cnth=\count146
\Gm@cntv=\count147
\c@Gm@tempcnt=\count148
\Gm@bindingoffset=\dimen164
\Gm@wd@mp=\dimen165
\Gm@odd@mp=\dimen166
\Gm@even@mp=\dimen167
\Gm@dimlist=\toks28
) (./Cal_I_EXAM_II_Fall_2017.aux)
\openout1 = `Cal_I_EXAM_II_Fall_2017.aux'.

LaTeX Font Info:    Checking defaults for OML/cmm/m/it on input line 36.
LaTeX Font Info:    ... okay on input line 36.
LaTeX Font Info:    Checking defaults for T1/cmr/m/n on input line 36.
LaTeX Font Info:    ... okay on input line 36.
LaTeX Font Info:    Checking defaults for OT1/cmr/m/n on input line 36.
LaTeX Font Info:    ... okay on input line 36.
LaTeX Font Info:    Checking defaults for OMS/cmsy/m/n on input line 36.
LaTeX Font Info:    ... okay on input line 36.
LaTeX Font Info:    Checking defaults for OMX/cmex/m/n on input line 36.
LaTeX Font Info:    ... okay on input line 36.
LaTeX Font Info:    Checking defaults for U/cmr/m/n on input line 36.
LaTeX Font Info:    ... okay on input line 36.
-------------------- Geometry parameters
paper: class default
landscape: --
twocolumn: --
twoside: --
asymmetric: --
h-parts: 72.26999pt, 469.75502pt, 72.26999pt
v-parts: 72.26999pt, 650.43001pt, 72.26999pt
hmarginratio: --
vmarginratio: --
lines: --
heightrounded: --
bindingoffset: 0.0pt
truedimen: --
includehead: --
includefoot: --
includemp: --
driver: 
-------------------- Page layout dimensions and switches
\paperwidth  614.295pt
\paperheight 794.96999pt
\textwidth  469.75502pt
\textheight 650.43001pt
\oddsidemargin  0.0pt
\evensidemargin 0.0pt
\topmargin  -30.0pt
\headheight 15.0pt
\headsep    15.0pt
\footskip   29.0pt
\marginparwidth 36.135pt
\marginparsep   5.0pt
\columnsep  10.0pt
\skip\footins  10.0pt plus 4.0pt minus 2.0pt
\hoffset 0.0pt
\voffset 0.0pt
\mag 1000

(1in=72.27pt, 1cm=28.45pt)
-----------------------
LaTeX Font Info:    Try loading font information for U+msa on input line 45.

(c:/Program Files (x86)/PCTeX/PCTeXv6/texmf-dist/tex/latex/amsfonts/umsa.fd
File: umsa.fd 2002/01/19 v2.2g AMS font definitions
)
LaTeX Font Info:    Try loading font information for U+msb on input line 45.

(c:/Program Files (x86)/PCTeX/PCTeXv6/texmf-dist/tex/latex/amsfonts/umsb.fd
File: umsb.fd 2002/01/19 v2.2g AMS font definitions
)
LaTeX Font Info:    Try loading font information for U+lasy on input line 45.

(c:/Program Files (x86)/PCTeX/PCTeXv6/texmf-dist/tex/latex/base/ulasy.fd
File: ulasy.fd 1998/08/17 v2.2e LaTeX symbol font definitions
)
Underfull \hbox (badness 10000) in paragraph at lines 56--60

 []


Underfull \hbox (badness 10000) in paragraph at lines 61--62

 []


Underfull \hbox (badness 10000) in paragraph at lines 63--64

 []

LaTeX Font Info:    Try loading font information for OMS+cmr on input line 69.
(c:/Program Files (x86)/PCTeX/PCTeXv6/texmf-dist/tex/latex/base/omscmr.fd
File: omscmr.fd 1999/05/25 v2.5h Standard LaTeX font definitions
)
LaTeX Font Info:    Font shape `OMS/cmr/m/n' in size <10.95> not available
(Font)              Font shape `OMS/cmsy/m/n' tried instead on input line 69.

[1

] [2] [3] [4]
This exam contains 7 questions with 2 parts, 0 subparts, and 0 subsubparts.
This exam has a total of 100 points.
(./Cal_I_EXAM_II_Fall_2017.aux) ) 
Here is how much of TeX's memory you used:
 6031 strings out of 95375
 97391 string characters out of 1187510
 1164121 words of memory out of 2500000
 8835 multiletter control sequences out of 10000+50000
 9269 words of font info for 37 fonts, out of 1000000 for 2000
 14 hyphenation exceptions out of 8191
 46i,10n,68p,391b,438s stack positions out of 5000i,500n,1000p,200000b,5000s
 0 PDF objects out of 300000
 0 named destinations out of 131072
 1 words of extra memory for PDF output out of 65536

Output written on Cal_I_EXAM_II_Fall_2017.dvi (4 pages, 12584 bytes).
